# JRE version: OpenJDK Runtime Environment (8.0_112-b06) (build 1.8.0_112-release-b06)
# Java VM: OpenJDK 64-Bit Server VM (25.112-b06 mixed mode windows-amd64 compressed oops)
Heap:
 PSYoungGen      total 463360K, used 227646K [0x00000000e0000000, 0x0000000100000000, 0x0000000100000000)
  eden space 401408K, 55% used [0x00000000e0000000,0x00000000ed9abf68,0x00000000f8800000)
  from space 61952K, 7% used [0x00000000fc380000,0x00000000fc823950,0x0000000100000000)
  to   space 60928K, 0% used [0x00000000f8800000,0x00000000f8800000,0x00000000fc380000)
 ParOldGen       total 245248K, used 66698K [0x00000000a0000000, 0x00000000aef80000, 0x00000000e0000000)
  object space 245248K, 27% used [0x00000000a0000000,0x00000000a4122808,0x00000000aef80000)
 Metaspace       used 78023K, capacity 82480K, committed 83160K, reserved 1122304K
  class space    used 9925K, capacity 10597K, committed 10712K, reserved 1048576K
GC Heap History (10 events):
Event: 4887.019 GC heap before
{Heap before GC invocations=32 (full 3):
 PSYoungGen      total 458240K, used 435746K [0x00000000e0000000, 0x0000000100000000, 0x0000000100000000)
  eden space 397312K, 100% used [0x00000000e0000000,0x00000000f8400000,0x00000000f8400000)
  from space 60928K, 63% used [0x00000000fc480000,0x00000000fea088d0,0x0000000100000000)
  to   space 63488K, 0% used [0x00000000f8400000,0x00000000f8400000,0x00000000fc200000)
 ParOldGen       total 196096K, used 157661K [0x00000000a0000000, 0x00000000abf80000, 0x00000000e0000000)
  object space 196096K, 80% used [0x00000000a0000000,0x00000000a99f7448,0x00000000abf80000)
 Metaspace       used 77471K, capacity 81860K, committed 82136K, reserved 1120256K
  class space    used 9923K, capacity 10631K, committed 10712K, reserved 1048576K
Event: 4887.157 GC heap after
Heap after GC invocations=32 (full 3):
 PSYoungGen      total 460800K, used 13518K [0x00000000e0000000, 0x00000000ffd80000, 0x0000000100000000)
  eden space 397312K, 0% used [0x00000000e0000000,0x00000000e0000000,0x00000000f8400000)
  from space 63488K, 21% used [0x00000000f8400000,0x00000000f9133998,0x00000000fc200000)
  to   space 60928K, 0% used [0x00000000fc200000,0x00000000fc200000,0x00000000ffd80000)
 ParOldGen       total 196096K, used 174351K [0x00000000a0000000, 0x00000000abf80000, 0x00000000e0000000)
  object space 196096K, 88% used [0x00000000a0000000,0x00000000aaa43fc8,0x00000000abf80000)
 Metaspace       used 77471K, capacity 81860K, committed 82136K, reserved 1120256K
  class space    used 9923K, capacity 10631K, committed 10712K, reserved 1048576K
}
Event: 5317.151 GC heap before
{Heap before GC invocations=33 (full 3):
 PSYoungGen      total 460800K, used 410830K [0x00000000e0000000, 0x00000000ffd80000, 0x0000000100000000)
  eden space 397312K, 100% used [0x00000000e0000000,0x00000000f8400000,0x00000000f8400000)
  from space 63488K, 21% used [0x00000000f8400000,0x00000000f9133998,0x00000000fc200000)
  to   space 60928K, 0% used [0x00000000fc200000,0x00000000fc200000,0x00000000ffd80000)
 ParOldGen       total 196096K, used 174351K [0x00000000a0000000, 0x00000000abf80000, 0x00000000e0000000)
  object space 196096K, 88% used [0x00000000a0000000,0x00000000aaa43fc8,0x00000000abf80000)
 Metaspace       used 78127K, capacity 82804K, committed 82904K, reserved 1122304K
  class space    used 9962K, capacity 10677K, committed 10712K, reserved 1048576K
Event: 5317.241 GC heap after
Heap after GC invocations=33 (full 3):
 PSYoungGen      total 457728K, used 9837K [0x00000000e0000000, 0x00000000ffa80000, 0x0000000100000000)
  eden space 399872K, 0% used [0x00000000e0000000,0x00000000e0000000,0x00000000f8680000)
  from space 57856K, 17% used [0x00000000fc200000,0x00000000fcb9b6d8,0x00000000ffa80000)
  to   space 59392K, 0% used [0x00000000f8680000,0x00000000f8680000,0x00000000fc080000)
 ParOldGen       total 196096K, used 180017K [0x00000000a0000000, 0x00000000abf80000, 0x00000000e0000000)
  object space 196096K, 91% used [0x00000000a0000000,0x00000000aafcc5e0,0x00000000abf80000)
 Metaspace       used 78127K, capacity 82804K, committed 82904K, reserved 1122304K
  class space    used 9962K, capacity 10677K, committed 10712K, reserved 1048576K
}
Event: 5317.241 GC heap before
{Heap before GC invocations=34 (full 4):
 PSYoungGen      total 457728K, used 9837K [0x00000000e0000000, 0x00000000ffa80000, 0x0000000100000000)
  eden space 399872K, 0% used [0x00000000e0000000,0x00000000e0000000,0x00000000f8680000)
  from space 57856K, 17% used [0x00000000fc200000,0x00000000fcb9b6d8,0x00000000ffa80000)
  to   space 59392K, 0% used [0x00000000f8680000,0x00000000f8680000,0x00000000fc080000)
 ParOldGen       total 196096K, used 180017K [0x00000000a0000000, 0x00000000abf80000, 0x00000000e0000000)
  object space 196096K, 91% used [0x00000000a0000000,0x00000000aafcc5e0,0x00000000abf80000)
 Metaspace       used 78127K, capacity 82804K, committed 82904K, reserved 1122304K
  class space    used 9962K, capacity 10677K, committed 10712K, reserved 1048576K
Event: 5317.773 GC heap after
Heap after GC invocations=34 (full 4):
 PSYoungGen      total 457728K, used 0K [0x00000000e0000000, 0x00000000ffa80000, 0x0000000100000000)
  eden space 399872K, 0% used [0x00000000e0000000,0x00000000e0000000,0x00000000f8680000)
  from space 57856K, 0% used [0x00000000fc200000,0x00000000fc200000,0x00000000ffa80000)
  to   space 59392K, 0% used [0x00000000f8680000,0x00000000f8680000,0x00000000fc080000)
 ParOldGen       total 245248K, used 65220K [0x00000000a0000000, 0x00000000aef80000, 0x00000000e0000000)
  object space 245248K, 26% used [0x00000000a0000000,0x00000000a3fb13c8,0x00000000aef80000)
 Metaspace       used 77783K, capacity 82220K, committed 82904K, reserved 1122304K
  class space    used 9904K, capacity 10571K, committed 10712K, reserved 1048576K
}
Event: 5321.041 GC heap before
{Heap before GC invocations=35 (full 4):
 PSYoungGen      total 457728K, used 399872K [0x00000000e0000000, 0x00000000ffa80000, 0x0000000100000000)
  eden space 399872K, 100% used [0x00000000e0000000,0x00000000f8680000,0x00000000f8680000)
  from space 57856K, 0% used [0x00000000fc200000,0x00000000fc200000,0x00000000ffa80000)
  to   space 59392K, 0% used [0x00000000f8680000,0x00000000f8680000,0x00000000fc080000)
 ParOldGen       total 245248K, used 65220K [0x00000000a0000000, 0x00000000aef80000, 0x00000000e0000000)
  object space 245248K, 26% used [0x00000000a0000000,0x00000000a3fb13c8,0x00000000aef80000)
 Metaspace       used 77862K, capacity 82308K, committed 82904K, reserved 1122304K
  class space    used 9908K, capacity 10575K, committed 10712K, reserved 1048576K
Event: 5321.096 GC heap after
Heap after GC invocations=35 (full 4):
 PSYoungGen      total 459264K, used 37955K [0x00000000e0000000, 0x0000000100000000, 0x0000000100000000)
  eden space 399872K, 0% used [0x00000000e0000000,0x00000000e0000000,0x00000000f8680000)
  from space 59392K, 63% used [0x00000000f8680000,0x00000000fab90ed0,0x00000000fc080000)
  to   space 61952K, 0% used [0x00000000fc380000,0x00000000fc380000,0x0000000100000000)
 ParOldGen       total 245248K, used 65228K [0x00000000a0000000, 0x00000000aef80000, 0x00000000e0000000)
  object space 245248K, 26% used [0x00000000a0000000,0x00000000a3fb33c8,0x00000000aef80000)
 Metaspace       used 77862K, capacity 82308K, committed 82904K, reserved 1122304K
  class space    used 9908K, capacity 10575K, committed 10712K, reserved 1048576K
}
Event: 5327.957 GC heap before
{Heap before GC invocations=36 (full 4):
 PSYoungGen      total 459264K, used 437321K [0x00000000e0000000, 0x0000000100000000, 0x0000000100000000)
  eden space 399872K, 99% used [0x00000000e0000000,0x00000000f86015f8,0x00000000f8680000)
  from space 59392K, 63% used [0x00000000f8680000,0x00000000fab90ed0,0x00000000fc080000)
  to   space 61952K, 0% used [0x00000000fc380000,0x00000000fc380000,0x0000000100000000)
 ParOldGen       total 245248K, used 65228K [0x00000000a0000000, 0x00000000aef80000, 0x00000000e0000000)
  object space 245248K, 26% used [0x00000000a0000000,0x00000000a3fb33c8,0x00000000aef80000)
 Metaspace       used 77928K, capacity 82320K, committed 82904K, reserved 1122304K
  class space    used 9909K, capacity 10577K, committed 10712K, reserved 1048576K
Event: 5327.966 GC heap after
Heap after GC invocations=36 (full 4):
 PSYoungGen      total 463360K, used 4750K [0x00000000e0000000, 0x0000000100000000, 0x0000000100000000)
  eden space 401408K, 0% used [0x00000000e0000000,0x00000000e0000000,0x00000000f8800000)
  from space 61952K, 7% used [0x00000000fc380000,0x00000000fc823950,0x0000000100000000)
  to   space 60928K, 0% used [0x00000000f8800000,0x00000000f8800000,0x00000000fc380000)
 ParOldGen       total 245248K, used 66698K [0x00000000a0000000, 0x00000000aef80000, 0x00000000e0000000)
  object space 245248K, 27% used [0x00000000a0000000,0x00000000a4122808,0x00000000aef80000)
 Metaspace       used 77928K, capacity 82320K, committed 82904K, reserved 1122304K
  class space    used 9909K, capacity 10577K, committed 10712K, reserved 1048576K
}

